<?xml version="1.0" encoding="UTF-8"?>
<!-- Generated by org.testng.reporters.JUnitXMLReporter -->
<testsuite ignored="0" hostname="DESKTOP-6VA702V" failures="0" tests="3" name="Default test" time="3.325" errors="0" timestamp="2024-10-12T19:01:02 IST">
  <testcase classname="tests.PutPatchDeleteExamples" name="testDelete" time="2.179"/>
  <testcase classname="tests.PutPatchDeleteExamples" name="testPatch" time="0.542"/>
  <testcase classname="tests.PutPatchDeleteExamples" name="testPut" time="0.554"/>
</testsuite> <!-- Default test -->
