<?xml version="1.0" encoding="UTF-8"?>
<testng-results ignored="0" total="3" passed="3" failed="0" skipped="0">
  <reporter-output>
  </reporter-output>
  <suite started-at="2024-10-12T19:00:59 IST" name="Default suite" finished-at="2024-10-12T19:01:02 IST" duration-ms="3325">
    <groups>
    </groups>
    <test started-at="2024-10-12T19:00:59 IST" name="Default test" finished-at="2024-10-12T19:01:02 IST" duration-ms="3325">
      <class name="tests.PutPatchDeleteExamples">
        <test-method signature="testDelete()[pri:0, instance:tests.PutPatchDeleteExamples@478190fc]" started-at="2024-10-12T19:00:59 IST" name="testDelete" finished-at="2024-10-12T19:01:01 IST" duration-ms="2179" status="PASS">
          <reporter-output>
          </reporter-output>
        </test-method> <!-- testDelete -->
        <test-method signature="testPatch()[pri:0, instance:tests.PutPatchDeleteExamples@478190fc]" started-at="2024-10-12T19:01:01 IST" name="testPatch" finished-at="2024-10-12T19:01:01 IST" duration-ms="542" status="PASS">
          <reporter-output>
          </reporter-output>
        </test-method> <!-- testPatch -->
        <test-method signature="testPut()[pri:0, instance:tests.PutPatchDeleteExamples@478190fc]" started-at="2024-10-12T19:01:01 IST" name="testPut" finished-at="2024-10-12T19:01:02 IST" duration-ms="554" status="PASS">
          <reporter-output>
          </reporter-output>
        </test-method> <!-- testPut -->
      </class> <!-- tests.PutPatchDeleteExamples -->
    </test> <!-- Default test -->
  </suite> <!-- Default suite -->
</testng-results>
